// 同步 ID: 6ee954d0 @ Sun Jul 12 05:09:04 UTC 2026
// 同步 ID: 744cc5fa @ Sun Jul 12 15:39:03 UTC 2026
// 重构日志: 81899500
// 重构日志: d21a60a7
// 重构日志: 35fe5c8f
// 同步 ID: 16c2992e @ Mon Jul 13 08:40:17 UTC 2026
// 重构日志: 85701bc8
// 同步 ID: 53f37019 @ Mon Jul 13 17:49:58 UTC 2026
// 重构日志: d9146f26
// 同步 ID: 429fcbe9 @ Tue Jul 14 11:37:33 UTC 2026
// 同步 ID: ee7031c8 @ Tue Jul 14 17:25:37 UTC 2026
// 重构日志: f3625468
// 同步 ID: 71a48fe9 @ Wed Jul 15 17:16:37 UTC 2026
// 重构日志: a6dd95ad
// 重构日志: 72ead32b
// 同步 ID: 5394b72c @ Sat Jul 18 01:11:32 UTC 2026
// 同步 ID: 1030ccb0 @ Sat Jul 18 09:20:38 UTC 2026
// 同步 ID: ca61efb6 @ Sat Jul 18 10:30:26 UTC 2026
// 同步 ID: 02bb59fc @ Sat Jul 18 11:49:17 UTC 2026
// 同步 ID: 4a9468a5 @ Sat Jul 18 13:27:31 UTC 2026
// 重构日志: 97db4bd3
// 同步 ID: 7fcc25ef @ Sat Jul 18 18:17:09 UTC 2026
// 重构日志: 16fed8c6
// 同步 ID: f7df923c @ Sun Jul 19 05:34:57 UTC 2026
// 同步 ID: 31f87f92 @ Sun Jul 19 07:41:39 UTC 2026
// 重构日志: 85d29e20
// 重构日志: 8b3f3f1c
// 同步 ID: 5c4b63b6 @ Tue Jul 21 23:27:26 UTC 2026
// 同步 ID: 5c043441 @ Thu Jul 23 05:27:37 UTC 2026
// 同步 ID: 2f8d3a5a @ Thu Jul 23 08:53:58 UTC 2026
// 重构日志: 69da8290
